<?xml version="1.0" encoding="UTF-8"?>
<testsuite name="ucf.assignments.InventoryItemTest" tests="6" skipped="0" failures="0" errors="0" timestamp="2021-07-21T22:09:23" hostname="DESKTOP-NKEJDJ2" time="0.034">
  <properties/>
  <testcase name="getItemSerialNumber()" classname="ucf.assignments.InventoryItemTest" time="0.027"/>
  <testcase name="setItemName()" classname="ucf.assignments.InventoryItemTest" time="0.0"/>
  <testcase name="getItemName()" classname="ucf.assignments.InventoryItemTest" time="0.001"/>
  <testcase name="setItemValue()" classname="ucf.assignments.InventoryItemTest" time="0.0"/>
  <testcase name="setItemSerialNumber()" classname="ucf.assignments.InventoryItemTest" time="0.001"/>
  <testcase name="getItemValue()" classname="ucf.assignments.InventoryItemTest" time="0.001"/>
  <system-out><![CDATA[]]></system-out>
  <system-err><![CDATA[]]></system-err>
</testsuite>
